Build started 7/25/2014 2:33:32 PM.
     1>Project "D:\GitHub\HCMCMC\HCMCMC\HCMCMC\HCMCMC.vcxproj" on node 2 (build target(s)).
     1>PrepareForBuild:
         Creating directory "D:\GitHub\HCMCMC\HCMCMC\Debug\".
       InitializeBuildStatus:
         Creating "Debug\HCMCMC.unsuccessfulbuild" because "AlwaysCreate" was specified.
       ClCompile:
         C:\Program Files (x86)\Microsoft Visual Studio 10.0\VC\bin\CL.exe /c /ZI /nologo /W3 /WX- /Od /Oy- /D _MBCS /Gm /EHsc /RTC1 /MDd /GS /fp:precise /Zc:wchar_t /Zc:forScope /Fo"Debug\\" /Fd"Debug\vc100.pdb" /Gd /TP /analyze- /errorReport:prompt GibbsSampling.cpp hcmcmc.cpp
         hcmcmc.cpp
         GibbsSampling.cpp
         Generating Code...
       Link:
         C:\Program Files (x86)\Microsoft Visual Studio 10.0\VC\bin\link.exe /ERRORREPORT:PROMPT /OUT:"D:\GitHub\HCMCMC\HCMCMC\Debug\HCMCMC.exe" /NOLOGO kernel32.lib user32.lib gdi32.lib winspool.lib comdlg32.lib advapi32.lib shell32.lib ole32.lib oleaut32.lib uuid.lib odbc32.lib odbccp32.lib /MANIFEST /ManifestFile:"Debug\HCMCMC.exe.intermediate.manifest" /MANIFESTUAC:"level='asInvoker' uiAccess='false'" /DEBUG /PDB:"D:\GitHub\HCMCMC\HCMCMC\Debug\HCMCMC.pdb" /TLBID:1 /DYNAMICBASE /NXCOMPAT /IMPLIB:"D:\GitHub\HCMCMC\HCMCMC\Debug\HCMCMC.lib" /MACHINE:X86 Debug\GibbsSampling.obj
         Debug\hcmcmc.obj
         HCMCMC.vcxproj -> D:\GitHub\HCMCMC\HCMCMC\Debug\HCMCMC.exe
       Manifest:
         C:\Program Files (x86)\Microsoft SDKs\Windows\v7.0A\bin\mt.exe /nologo /verbose /outputresource:"D:\GitHub\HCMCMC\HCMCMC\Debug\HCMCMC.exe;#1" /manifest Debug\HCMCMC.exe.intermediate.manifest
       FinalizeBuildStatus:
         Deleting file "Debug\HCMCMC.unsuccessfulbuild".
         Touching "Debug\HCMCMC.lastbuildstate".
     1>Done Building Project "D:\GitHub\HCMCMC\HCMCMC\HCMCMC\HCMCMC.vcxproj" (build target(s)).

Build succeeded.

Time Elapsed 00:00:01.58
