Build started 7/29/2014 2:31:33 PM.
     1>Project "C:\Users\gen\Documents\GitHub\HCMCMC\HCMCMC\HCMCMC\HCMCMC.vcxproj" on node 2 (build target(s)).
     1>InitializeBuildStatus:
         Creating "x64\Debug\HCMCMC.unsuccessfulbuild" because "AlwaysCreate" was specified.
       ClCompile:
         c:\Program Files (x86)\Microsoft Visual Studio 10.0\VC\bin\x86_amd64\CL.exe /c /I..\opencv\include /Zi /nologo /W3 /WX- /Od /D _MBCS /Gm /EHsc /RTC1 /MDd /GS /fp:precise /Zc:wchar_t /Zc:forScope /Fo"x64\Debug\\" /Fd"x64\Debug\vc100.pdb" /Gd /TP /errorReport:prompt HC.cpp
         HC.cpp
     1>HC.cpp(29): warning C4244: 'argument' : conversion from 'double' to 'float', possible loss of data
       Link:
         c:\Program Files (x86)\Microsoft Visual Studio 10.0\VC\bin\x86_amd64\link.exe /ERRORREPORT:PROMPT /OUT:"C:\Users\gen\Documents\GitHub\HCMCMC\HCMCMC\x64\Debug\HCMCMC.exe" /NOLOGO /LIBPATH:..\opencv\lib opencv_core249d.lib opencv_highgui249d.lib opencv_imgproc249d.lib opencv_legacy249d.lib opencv_ml249d.lib opencv_photo249d.lib opencv_video249d.lib kernel32.lib user32.lib gdi32.lib winspool.lib comdlg32.lib advapi32.lib shell32.lib ole32.lib oleaut32.lib uuid.lib odbc32.lib odbccp32.lib /MANIFEST /ManifestFile:"x64\Debug\HCMCMC.exe.intermediate.manifest" /MANIFESTUAC:"level='asInvoker' uiAccess='false'" /DEBUG /PDB:"C:\Users\gen\Documents\GitHub\HCMCMC\HCMCMC\x64\Debug\HCMCMC.pdb" /TLBID:1 /DYNAMICBASE /NXCOMPAT /IMPLIB:"C:\Users\gen\Documents\GitHub\HCMCMC\HCMCMC\x64\Debug\HCMCMC.lib" /MACHINE:X64 x64\Debug\GradientDescent.obj
         x64\Debug\HC.obj
         x64\Debug\HCMCMC.obj
         x64\Debug\KSTest.obj
         x64\Debug\main.obj
         x64\Debug\TopNSearch.obj
         x64\Debug\Util.obj
         LINK : C:\Users\gen\Documents\GitHub\HCMCMC\HCMCMC\x64\Debug\HCMCMC.exe not found or not built by the last incremental link; performing full link
         HCMCMC.vcxproj -> C:\Users\gen\Documents\GitHub\HCMCMC\HCMCMC\x64\Debug\HCMCMC.exe
       Manifest:
         C:\Program Files (x86)\Microsoft SDKs\Windows\v7.0A\bin\mt.exe /nologo /verbose /outputresource:"C:\Users\gen\Documents\GitHub\HCMCMC\HCMCMC\x64\Debug\HCMCMC.exe;#1" /manifest x64\Debug\HCMCMC.exe.intermediate.manifest
       FinalizeBuildStatus:
         Deleting file "x64\Debug\HCMCMC.unsuccessfulbuild".
         Touching "x64\Debug\HCMCMC.lastbuildstate".
     1>Done Building Project "C:\Users\gen\Documents\GitHub\HCMCMC\HCMCMC\HCMCMC\HCMCMC.vcxproj" (build target(s)).

Build succeeded.

Time Elapsed 00:00:03.54
